<?xml version="1.0" encoding="UTF-8"?>
<testng-results ignored="0" total="1" passed="1" failed="0" skipped="0">
  <reporter-output>
  </reporter-output>
  <suite started-at="2022-05-09T13:13:04 IST" name="Default suite" finished-at="2022-05-09T13:13:25 IST" duration-ms="20845">
    <groups>
    </groups>
    <test started-at="2022-05-09T13:13:04 IST" name="Default test" finished-at="2022-05-09T13:13:25 IST" duration-ms="20845">
      <class name="Abce.Abce.PopUp">
        <test-method is-config="true" signature="BeforeMethod()[pri:0, instance:Abce.Abce.PopUp@71def8f8]" started-at="2022-05-09T13:13:04 IST" name="BeforeMethod" finished-at="2022-05-09T13:13:20 IST" duration-ms="16371" status="PASS">
          <reporter-output>
          </reporter-output>
        </test-method> <!-- BeforeMethod -->
        <test-method signature="A3Popups()[pri:0, instance:Abce.Abce.PopUp@71def8f8]" started-at="2022-05-09T13:13:20 IST" name="A3Popups" finished-at="2022-05-09T13:13:25 IST" duration-ms="4393" status="PASS">
          <reporter-output>
          </reporter-output>
        </test-method> <!-- A3Popups -->
        <test-method is-config="true" signature="afterClass()[pri:0, instance:Abce.Abce.PopUp@71def8f8]" started-at="2022-05-09T13:13:25 IST" name="afterClass" finished-at="2022-05-09T13:13:25 IST" duration-ms="0" status="PASS">
          <reporter-output>
          </reporter-output>
        </test-method> <!-- afterClass -->
      </class> <!-- Abce.Abce.PopUp -->
    </test> <!-- Default test -->
  </suite> <!-- Default suite -->
</testng-results>
